<?xml version="1.0" encoding="UTF-8"?>
<testng-results skipped="0" failed="1" ignored="0" total="3" passed="2">
  <reporter-output>
  </reporter-output>
  <suite name="Default suite" duration-ms="31899" started-at="2022-07-25T01:11:25 IST" finished-at="2022-07-25T01:11:57 IST">
    <groups>
    </groups>
    <test name="Default test" duration-ms="31899" started-at="2022-07-25T01:11:25 IST" finished-at="2022-07-25T01:11:57 IST">
      <class name="TestClasses.TC01_Login">
        <test-method status="PASS" signature="launchBrow()[pri:0, instance:TestClasses.TC01_Login@36b4cef0]" name="launchBrow" is-config="true" duration-ms="26714" started-at="2022-07-25T01:11:25 IST" finished-at="2022-07-25T01:11:52 IST">
          <reporter-output>
          </reporter-output>
        </test-method> <!-- launchBrow -->
        <test-method status="PASS" signature="refresh()[pri:0, instance:TestClasses.TC01_Login@36b4cef0]" name="refresh" is-config="true" duration-ms="718" started-at="2022-07-25T01:11:52 IST" finished-at="2022-07-25T01:11:53 IST">
          <reporter-output>
          </reporter-output>
        </test-method> <!-- refresh -->
        <test-method status="FAIL" signature="tc01()[pri:0, instance:TestClasses.TC01_Login@36b4cef0]" name="tc01" duration-ms="2101" started-at="2022-07-25T01:11:53 IST" finished-at="2022-07-25T01:11:55 IST">
          <exception class="java.io.FileNotFoundException">
            <message>
              <![CDATA[C:\Users\Admin\eclipse-workspace\IB\src\test\resources\new.xlsx (The system cannot find the path specified)]]>
            </message>
            <full-stacktrace>
              <![CDATA[java.io.FileNotFoundException: C:\Users\Admin\eclipse-workspace\IB\src\test\resources\new.xlsx (The system cannot find the path specified)
at java.io.FileInputStream.open0(Native Method)
at java.io.FileInputStream.open(Unknown Source)
at java.io.FileInputStream.<init>(Unknown Source)
at java.io.FileInputStream.<init>(Unknown Source)
at BaseClass.utility.readExcelSheet(utility.java:15)
at TestClasses.TC01_Login.tc01(TC01_Login.java:56)
at sun.reflect.NativeMethodAccessorImpl.invoke0(Native Method)
at sun.reflect.NativeMethodAccessorImpl.invoke(Unknown Source)
at sun.reflect.DelegatingMethodAccessorImpl.invoke(Unknown Source)
at java.lang.reflect.Method.invoke(Unknown Source)
at org.testng.internal.MethodInvocationHelper.invokeMethod(MethodInvocationHelper.java:134)
at org.testng.internal.TestInvoker.invokeMethod(TestInvoker.java:597)
at org.testng.internal.TestInvoker.invokeTestMethod(TestInvoker.java:173)
at org.testng.internal.MethodRunner.runInSequence(MethodRunner.java:46)
at org.testng.internal.TestInvoker$MethodInvocationAgent.invoke(TestInvoker.java:816)
at org.testng.internal.TestInvoker.invokeTestMethods(TestInvoker.java:146)
at org.testng.internal.TestMethodWorker.invokeTestMethods(TestMethodWorker.java:146)
at org.testng.internal.TestMethodWorker.run(TestMethodWorker.java:128)
at java.util.ArrayList.forEach(Unknown Source)
at org.testng.TestRunner.privateRun(TestRunner.java:766)
at org.testng.TestRunner.run(TestRunner.java:587)
at org.testng.SuiteRunner.runTest(SuiteRunner.java:384)
at org.testng.SuiteRunner.runSequentially(SuiteRunner.java:378)
at org.testng.SuiteRunner.privateRun(SuiteRunner.java:337)
at org.testng.SuiteRunner.run(SuiteRunner.java:286)
at org.testng.SuiteRunnerWorker.runSuite(SuiteRunnerWorker.java:53)
at org.testng.SuiteRunnerWorker.run(SuiteRunnerWorker.java:96)
at org.testng.TestNG.runSuitesSequentially(TestNG.java:1187)
at org.testng.TestNG.runSuitesLocally(TestNG.java:1109)
at org.testng.TestNG.runSuites(TestNG.java:1039)
at org.testng.TestNG.run(TestNG.java:1007)
at org.testng.remote.AbstractRemoteTestNG.run(AbstractRemoteTestNG.java:115)
at org.testng.remote.RemoteTestNG.initAndRun(RemoteTestNG.java:251)
at org.testng.remote.RemoteTestNG.main(RemoteTestNG.java:77)
]]>
            </full-stacktrace>
          </exception> <!-- java.io.FileNotFoundException -->
          <reporter-output>
          </reporter-output>
        </test-method> <!-- tc01 -->
        <test-method status="PASS" signature="refresh()[pri:0, instance:TestClasses.TC01_Login@36b4cef0]" name="refresh" is-config="true" duration-ms="539" started-at="2022-07-25T01:11:55 IST" finished-at="2022-07-25T01:11:56 IST">
          <reporter-output>
          </reporter-output>
        </test-method> <!-- refresh -->
        <test-method status="PASS" signature="tc02()[pri:0, instance:TestClasses.TC01_Login@36b4cef0]" name="tc02" duration-ms="910" started-at="2022-07-25T01:11:56 IST" finished-at="2022-07-25T01:11:56 IST">
          <reporter-output>
          </reporter-output>
        </test-method> <!-- tc02 -->
        <test-method status="PASS" signature="refresh()[pri:0, instance:TestClasses.TC01_Login@36b4cef0]" name="refresh" is-config="true" duration-ms="462" started-at="2022-07-25T01:11:56 IST" finished-at="2022-07-25T01:11:57 IST">
          <reporter-output>
          </reporter-output>
        </test-method> <!-- refresh -->
        <test-method status="PASS" signature="tc03()[pri:0, instance:TestClasses.TC01_Login@36b4cef0]" name="tc03" duration-ms="236" started-at="2022-07-25T01:11:57 IST" finished-at="2022-07-25T01:11:57 IST">
          <reporter-output>
          </reporter-output>
        </test-method> <!-- tc03 -->
      </class> <!-- TestClasses.TC01_Login -->
    </test> <!-- Default test -->
  </suite> <!-- Default suite -->
</testng-results>
